#
# A fatal error has been detected by the Java Runtime Environment:
#
#  EXCEPTION_ACCESS_VIOLATION (0xc0000005) at pc=0x0000000051a6e0be, pid=2448, tid=0x0000000000001948
#
# JRE version: OpenJDK Runtime Environment (8.0_392-b08) (build 1.8.0_392-b08)
# Java VM: OpenJDK 64-Bit Server VM (25.392-b08 mixed mode windows-amd64 compressed oops)
# Problematic frame:
# V  [jvm.dll+0x10e0be]
#
# Failed to write core dump. Minidumps are not enabled by default on client versions of Windows
#
# If you would like to submit a bug report, please visit:
#   https://github.com/adoptium/adoptium-support/issues
#

---------------  T H R E A D  ---------------

Current thread (0x000001b4f7b82800):  JavaThread "*** Profiler Agent Communication Thread" daemon [_thread_in_vm, id=6472, stack(0x0000005105300000,0x0000005105400000)]

siginfo: ExceptionCode=0xc0000005, reading address 0xffffffffd2fcdb40

Registers:
RAX=0x00000051053fec01, RBX=0x000001b4f7b82800, RCX=0xffffffffd2fcdb40, RDX=0x000001b4f7b82800
RSP=0x00000051053fec40, RBP=0xffffffffd2fcdb40, RSI=0x000001b4d2fa5820, RDI=0x00000051053fed60
R8 =0x00000051053fed60, R9 =0xffffffffd2fcdb40, R10=0x0000000000000001, R11=0x00000051053fe8c0
R12=0x000001b48d1fbe20, R13=0x0000000000000025, R14=0x00007fff9bb69c68, R15=0x00007fff9bb69a60
RIP=0x0000000051a6e0be, EFLAGS=0x0000000000010282

Top of Stack: (sp=0x00000051053fec40)
0x00000051053fec40:   0000000200000003 0000000051a98953
0x00000051053fec50:   000001b4f7b82800 00000051053fee08
0x00000051053fec60:   000001b4f7b82800 0000000051c71eed
0x00000051053fec70:   00000000000005c8 000001b4f7b82800
0x00000051053fec80:   000001b4f7b82a60 00007fffa32dcb80
0x00000051053fec90:   000001b4f7b82800 0000000000000000
0x00000051053feca0:   000001b400000000 0000000000000000
0x00000051053fecb0:   ffffffffd2fcdb40 00007fff9bb634da
0x00000051053fecc0:   0000000000000000 000001b4f7b82a60
0x00000051053fecd0:   000000000000009a 000001b4d4a0ac4b
0x00000051053fece0:   000001b48d1fbe20 000001b4f7b82c50
0x00000051053fecf0:   000001b4f6e58f40 000001b4f7b82800
0x00000051053fed00:   000001b4f6e58f40 000001b4f7b82800
0x00000051053fed10:   000001b48d5606d8 000000000000009a
0x00000051053fed20:   000001b4f7b82800 000001b4f6e58f40
0x00000051053fed30:   0000000000000000 000001b48d5606d8 

Instructions: (pc=0x0000000051a6e0be)
0x0000000051a6e09e:   cc cc 48 89 11 c3 cc cc cc cc cc cc cc cc cc cc
0x0000000051a6e0ae:   cc cc 40 53 48 83 ec 20 4c 8b c9 48 85 c9 74 50
0x0000000051a6e0be:   48 8b 19 48 85 db 74 48 48 8b 43 08 48 8b 50 08
0x0000000051a6e0ce:   48 8b 42 18 48 85 c0 74 37 48 8b 80 90 00 00 00 


Register to memory mapping:

RAX=0x00000051053fec01 is pointing into the stack for thread: 0x000001b4f7b82800
RBX=0x000001b4f7b82800 is a thread
RCX=0xffffffffd2fcdb40 is an unknown value
RDX=0x000001b4f7b82800 is a thread
RSP=0x00000051053fec40 is pointing into the stack for thread: 0x000001b4f7b82800
RBP=0xffffffffd2fcdb40 is an unknown value
RSI=0x000001b4d2fa5820 is an unknown value
RDI=0x00000051053fed60 is pointing into the stack for thread: 0x000001b4f7b82800
R8 =0x00000051053fed60 is pointing into the stack for thread: 0x000001b4f7b82800
R9 =0xffffffffd2fcdb40 is an unknown value
R10=0x0000000000000001 is an unknown value
R11=0x00000051053fe8c0 is pointing into the stack for thread: 0x000001b4f7b82800
R12=0x000001b48d1fbe20 is an unknown value
R13=0x0000000000000025 is an unknown value
R14=0x00007fff9bb69c68 is an unknown value
R15=0x00007fff9bb69a60 is an unknown value


Stack: [0x0000005105300000,0x0000005105400000],  sp=0x00000051053fec40,  free space=1019k
Native frames: (J=compiled Java code, j=interpreted, Vv=VM code, C=native code)
V  [jvm.dll+0x10e0be]
V  [jvm.dll+0x311eed]
C  [profilerinterface.dll+0x34da]
C  0x000001b4d49c964e

Java frames: (J=compiled Java code, j=interpreted, Vv=VM code)
j  org.netbeans.lib.profiler.server.system.Stacks.getMethodNamesForJMethodIds(I[I[I)[B+0
j  org.netbeans.lib.profiler.server.ProfilerInterface.getMethodNamesForJMethodIds([I)Lorg/netbeans/lib/profiler/wireprotocol/MethodNamesResponse;+20
j  org.netbeans.lib.profiler.server.ProfilerServer.handleClientCommand(Lorg/netbeans/lib/profiler/wireprotocol/Command;)V+691
j  org.netbeans.lib.profiler.server.ProfilerServer.listenToClient()V+48
j  org.netbeans.lib.profiler.server.ProfilerServer.run()V+22
v  ~StubRoutines::call_stub

---------------  P R O C E S S  ---------------

Java Threads: ( => current thread )
  0x000001b48b044800 JavaThread "D3D Screen Updater" daemon [_thread_blocked, id=16060, stack(0x0000005107000000,0x0000005107100000)]
  0x000001b48b041000 JavaThread "mysql-cj-abandoned-connection-cleanup" daemon [_thread_blocked, id=7104, stack(0x0000005106c00000,0x0000005106d00000)]
  0x000001b48aeb2800 JavaThread "Image Fetcher 0" daemon [_thread_blocked, id=15920, stack(0x0000005106b00000,0x0000005106c00000)]
  0x000001b48aea5000 JavaThread "TimerQueue" daemon [_thread_blocked, id=18260, stack(0x0000005106a00000,0x0000005106b00000)]
  0x000001b4d2fac800 JavaThread "DestroyJavaVM" [_thread_blocked, id=8960, stack(0x0000005104700000,0x0000005104800000)]
  0x000001b4fb09f800 JavaThread "AWT-EventQueue-0" [_thread_blocked, id=14728, stack(0x0000005105e00000,0x0000005105f00000)]
  0x000001b4f910a000 JavaThread "AWT-Windows" daemon [_thread_in_native, id=13496, stack(0x0000005105d00000,0x0000005105e00000)]
  0x000001b4f9133000 JavaThread "AWT-Shutdown" [_thread_blocked, id=15448, stack(0x0000005105c00000,0x0000005105d00000)]
  0x000001b4f9109800 JavaThread "Java2D Disposer" daemon [_thread_blocked, id=8848, stack(0x0000005105b00000,0x0000005105c00000)]
  0x000001b4f8f14800 JavaThread "Service Thread" daemon [_thread_blocked, id=6288, stack(0x0000005105900000,0x0000005105a00000)]
  0x000001b4f8f60800 JavaThread "C1 CompilerThread2" daemon [_thread_blocked, id=17492, stack(0x0000005105800000,0x0000005105900000)]
  0x000001b4f8f1a000 JavaThread "C2 CompilerThread1" daemon [_thread_blocked, id=2684, stack(0x0000005105700000,0x0000005105800000)]
  0x000001b4f8f19000 JavaThread "C2 CompilerThread0" daemon [_thread_blocked, id=1276, stack(0x0000005105600000,0x0000005105700000)]
  0x000001b4f8e2b000 JavaThread "*** Profiler Agent Special Execution Thread 6" daemon [_thread_blocked, id=14948, stack(0x0000005105500000,0x0000005105600000)]
  0x000001b4f8e29800 JavaThread "*** JFluid Monitor thread ***" daemon [_thread_blocked, id=10904, stack(0x0000005105400000,0x0000005105500000)]
=>0x000001b4f7b82800 JavaThread "*** Profiler Agent Communication Thread" daemon [_thread_in_vm, id=6472, stack(0x0000005105300000,0x0000005105400000)]
  0x000001b4f7af7000 JavaThread "Attach Listener" daemon [_thread_blocked, id=4980, stack(0x0000005105200000,0x0000005105300000)]
  0x000001b4f7af4800 JavaThread "Signal Dispatcher" daemon [_thread_blocked, id=12752, stack(0x0000005105100000,0x0000005105200000)]
  0x000001b4f7acc800 JavaThread "Finalizer" daemon [_thread_blocked, id=9252, stack(0x0000005105000000,0x0000005105100000)]
  0x000001b4f7aca000 JavaThread "Reference Handler" daemon [_thread_blocked, id=14868, stack(0x0000005104f00000,0x0000005105000000)]

Other Threads:
  0x000001b4f7138800 VMThread [stack: 0x0000005104e00000,0x0000005104f00000] [id=2420]
  0x000001b4f8fad000 WatcherThread [stack: 0x0000005105a00000,0x0000005105b00000] [id=3020]

VM state:not at safepoint (normal execution)

VM Mutex/Monitor currently owned by a thread: None

heap address: 0x00000005c1000000, size: 8176 MB, Compressed Oops mode: Zero based, Oop shift amount: 3
Narrow klass base: 0x0000000000000000, Narrow klass shift: 3
Compressed class space size: 1073741824 Address: 0x00000007c0000000

Heap:
 PSYoungGen      total 153088K, used 45192K [0x0000000715b00000, 0x0000000720580000, 0x00000007c0000000)
  eden space 131584K, 34% used [0x0000000715b00000,0x0000000718722000,0x000000071db80000)
  from space 21504K, 0% used [0x000000071db80000,0x000000071db80000,0x000000071f080000)
  to   space 21504K, 0% used [0x000000071f080000,0x000000071f080000,0x0000000720580000)
 ParOldGen       total 139776K, used 7896K [0x00000005c1000000, 0x00000005c9880000, 0x0000000715b00000)
  object space 139776K, 5% used [0x00000005c1000000,0x00000005c17b60b8,0x00000005c9880000)
 Metaspace       used 28016K, capacity 28498K, committed 28928K, reserved 1075200K
  class space    used 3140K, capacity 3283K, committed 3328K, reserved 1048576K

Card table byte_map: [0x000001b4e3d70000,0x000001b4e4d70000] byte_map_base: 0x000001b4e0f68000

Marking Bits: (ParMarkBitMap*) 0x0000000052140830
 Begin Bits: [0x000001b4e5820000, 0x000001b4ed7e0000)
 End Bits:   [0x000001b4ed7e0000, 0x000001b4f57a0000)

Polling page: 0x000001b4d3170000

CodeCache: size=245760Kb used=6306Kb max_used=6319Kb free=239453Kb
 bounds [0x000001b4d49b0000, 0x000001b4d4ff0000, 0x000001b4e39b0000]
 total_blobs=2530 nmethods=1876 adapters=567
 compilation: enabled

Compilation events (10 events):
Event: 7.854 Thread 0x000001b4f8f19000 nmethod 2023 0x000001b4d4fdea50 code [0x000001b4d4fdeba0, 0x000001b4d4fdeda8]
Event: 7.854 Thread 0x000001b4f8f19000 2024   !   4       sun.java2d.pisces.PiscesTileGenerator::getAlpha (852 bytes)
Event: 7.854 Thread 0x000001b4f8f60800 2025       3       sun.java2d.pipe.AlphaColorPipe::skipTile (1 bytes)
Event: 7.854 Thread 0x000001b4f8f60800 nmethod 2025 0x000001b4d4fde710 code [0x000001b4d4fde860, 0x000001b4d4fde9b8]
Event: 7.854 Thread 0x000001b4f8f60800 2026       1       sun.java2d.pisces.Renderer::tosubpixx (8 bytes)
Event: 7.854 Thread 0x000001b4f8f60800 nmethod 2026 0x000001b4d4fde450 code [0x000001b4d4fde5a0, 0x000001b4d4fde6b8]
Event: 7.854 Thread 0x000001b4f8f60800 2027       1       sun.java2d.pisces.Renderer::tosubpixy (8 bytes)
Event: 7.854 Thread 0x000001b4f8f60800 nmethod 2027 0x000001b4d4fde190 code [0x000001b4d4fde2e0, 0x000001b4d4fde3f8]
Event: 7.857 Thread 0x000001b4f8f1a000 nmethod 2018% 0x000001b4d4fe0f50 code [0x000001b4d4fe10e0, 0x000001b4d4fe19c8]
Event: 7.861 Thread 0x000001b4f8f19000 nmethod 2024 0x000001b4d4fe2350 code [0x000001b4d4fe24a0, 0x000001b4d4fe2c58]

GC Heap History (4 events):
Event: 2.558 GC heap before
{Heap before GC invocations=1 (full 0):
 PSYoungGen      total 153088K, used 61787K [0x0000000715b00000, 0x0000000720580000, 0x00000007c0000000)
  eden space 131584K, 46% used [0x0000000715b00000,0x0000000719756ec0,0x000000071db80000)
  from space 21504K, 0% used [0x000000071f080000,0x000000071f080000,0x0000000720580000)
  to   space 21504K, 0% used [0x000000071db80000,0x000000071db80000,0x000000071f080000)
 ParOldGen       total 349696K, used 0K [0x00000005c1000000, 0x00000005d6580000, 0x0000000715b00000)
  object space 349696K, 0% used [0x00000005c1000000,0x00000005c1000000,0x00000005d6580000)
 Metaspace       used 20852K, capacity 21138K, committed 21296K, reserved 1069056K
  class space    used 2299K, capacity 2420K, committed 2432K, reserved 1048576K
Event: 2.563 GC heap after
Heap after GC invocations=1 (full 0):
 PSYoungGen      total 153088K, used 8111K [0x0000000715b00000, 0x0000000720580000, 0x00000007c0000000)
  eden space 131584K, 0% used [0x0000000715b00000,0x0000000715b00000,0x000000071db80000)
  from space 21504K, 37% used [0x000000071db80000,0x000000071e36be68,0x000000071f080000)
  to   space 21504K, 0% used [0x000000071f080000,0x000000071f080000,0x0000000720580000)
 ParOldGen       total 349696K, used 16K [0x00000005c1000000, 0x00000005d6580000, 0x0000000715b00000)
  object space 349696K, 0% used [0x00000005c1000000,0x00000005c1004000,0x00000005d6580000)
 Metaspace       used 20852K, capacity 21138K, committed 21296K, reserved 1069056K
  class space    used 2299K, capacity 2420K, committed 2432K, reserved 1048576K
}
Event: 2.563 GC heap before
{Heap before GC invocations=2 (full 1):
 PSYoungGen      total 153088K, used 8111K [0x0000000715b00000, 0x0000000720580000, 0x00000007c0000000)
  eden space 131584K, 0% used [0x0000000715b00000,0x0000000715b00000,0x000000071db80000)
  from space 21504K, 37% used [0x000000071db80000,0x000000071e36be68,0x000000071f080000)
  to   space 21504K, 0% used [0x000000071f080000,0x000000071f080000,0x0000000720580000)
 ParOldGen       total 349696K, used 16K [0x00000005c1000000, 0x00000005d6580000, 0x0000000715b00000)
  object space 349696K, 0% used [0x00000005c1000000,0x00000005c1004000,0x00000005d6580000)
 Metaspace       used 20852K, capacity 21138K, committed 21296K, reserved 1069056K
  class space    used 2299K, capacity 2420K, committed 2432K, reserved 1048576K
Event: 2.584 GC heap after
Heap after GC invocations=2 (full 1):
 PSYoungGen      total 153088K, used 0K [0x0000000715b00000, 0x0000000720580000, 0x00000007c0000000)
  eden space 131584K, 0% used [0x0000000715b00000,0x0000000715b00000,0x000000071db80000)
  from space 21504K, 0% used [0x000000071db80000,0x000000071db80000,0x000000071f080000)
  to   space 21504K, 0% used [0x000000071f080000,0x000000071f080000,0x0000000720580000)
 ParOldGen       total 139776K, used 7896K [0x00000005c1000000, 0x00000005c9880000, 0x0000000715b00000)
  object space 139776K, 5% used [0x00000005c1000000,0x00000005c17b60b8,0x00000005c9880000)
 Metaspace       used 20852K, capacity 21138K, committed 21296K, reserved 1069056K
  class space    used 2299K, capacity 2420K, committed 2432K, reserved 1048576K
}

Deoptimization events (10 events):
Event: 3.612 Thread 0x000001b4fb09f800 Uncommon trap: reason=class_check action=maybe_recompile pc=0x000001b4d4d7efe8 method=sun.security.util.math.intpoly.IntegerPolynomial$MutableElement.setSum(Lsun/security/util/math/IntegerModuloP;)Lsun/security/util/math/intpoly/IntegerPolynomial$MutableE
Event: 3.612 Thread 0x000001b4fb09f800 Uncommon trap: reason=class_check action=maybe_recompile pc=0x000001b4d4d7efe8 method=sun.security.util.math.intpoly.IntegerPolynomial$MutableElement.setSum(Lsun/security/util/math/IntegerModuloP;)Lsun/security/util/math/intpoly/IntegerPolynomial$MutableE
Event: 5.746 Thread 0x000001b4fb09f800 Uncommon trap: reason=class_check action=maybe_recompile pc=0x000001b4d4ad0b0c method=java.lang.String.equals(Ljava/lang/Object;)Z @ 8
Event: 5.746 Thread 0x000001b4fb09f800 Uncommon trap: reason=class_check action=maybe_recompile pc=0x000001b4d4ad0b0c method=java.lang.String.equals(Ljava/lang/Object;)Z @ 8
Event: 5.746 Thread 0x000001b4fb09f800 Uncommon trap: reason=class_check action=maybe_recompile pc=0x000001b4d4ad0b0c method=java.lang.String.equals(Ljava/lang/Object;)Z @ 8
Event: 5.783 Thread 0x000001b4fb09f800 Uncommon trap: reason=class_check action=maybe_recompile pc=0x000001b4d4ad0b0c method=java.lang.String.equals(Ljava/lang/Object;)Z @ 8
Event: 6.996 Thread 0x000001b4fb09f800 Uncommon trap: reason=unstable_if action=reinterpret pc=0x000001b4d4ecfe14 method=sun.java2d.pisces.PiscesTileGenerator.getAlpha([BII)V @ 167
Event: 6.996 Thread 0x000001b4fb09f800 Uncommon trap: reason=unstable_if action=reinterpret pc=0x000001b4d4eb21c0 method=sun.java2d.pisces.PiscesTileGenerator.getAlpha([BII)V @ 167
Event: 7.756 Thread 0x000001b4fb09f800 Uncommon trap: reason=unstable_if action=reinterpret pc=0x000001b4d4b7cfac method=java.util.HashMap.putVal(ILjava/lang/Object;Ljava/lang/Object;ZZ)Ljava/lang/Object; @ 109
Event: 7.838 Thread 0x000001b4fb09f800 Uncommon trap: reason=unstable_if action=reinterpret pc=0x000001b4d4fbdd08 method=sun.java2d.pisces.PiscesTileGenerator.getAlpha([BII)V @ 152

Classes redefined (10 events):
Event: 7.640 Thread 0x000001b4f7138800 redefined class name=java.sql.PreparedStatement, count=1
Event: 7.662 Thread 0x000001b4f7138800 redefined class name=com.mysql.cj.jdbc.ClientPreparedStatement, count=2
Event: 7.673 Thread 0x000001b4f7138800 redefined class name=com.mysql.cj.AbstractQuery, count=1
Event: 7.684 Thread 0x000001b4f7138800 redefined class name=com.mysql.cj.Query$CancelStatus, count=1
Event: 7.697 Thread 0x000001b4f7138800 redefined class name=com.mysql.cj.QueryInfo, count=1
Event: 7.706 Thread 0x000001b4f7138800 redefined class name=com.mysql.cj.QueryReturnType, count=1
Event: 7.719 Thread 0x000001b4f7138800 redefined class name=com.mysql.cj.NativeQueryBindings, count=1
Event: 7.731 Thread 0x000001b4f7138800 redefined class name=com.mysql.cj.protocol.a.StringValueEncoder$1, count=1
Event: 7.807 Thread 0x000001b4f7138800 redefined class name=sun.security.ssl.Alert, count=1
Event: 7.819 Thread 0x000001b4f7138800 redefined class name=sun.security.ssl.Alert$Level, count=1

Internal exceptions (10 events):
Event: 1.265 Thread 0x000001b4d2fac800 Exception <a 'java/lang/ClassNotFoundException': ToolBarSeparator> (0x00000007171274e8) thrown at [C:\workspace\openjdk-build\workspace\build\src\hotspot\src\share\vm\classfile\systemDictionary.cpp, line 217]
Event: 1.265 Thread 0x000001b4d2fac800 Exception <a 'java/lang/ClassNotFoundException': ToolTip> (0x0000000717127c88) thrown at [C:\workspace\openjdk-build\workspace\build\src\hotspot\src\share\vm\classfile\systemDictionary.cpp, line 217]
Event: 1.266 Thread 0x000001b4d2fac800 Exception <a 'java/lang/ClassNotFoundException': Tree> (0x0000000717128908) thrown at [C:\workspace\openjdk-build\workspace\build\src\hotspot\src\share\vm\classfile\systemDictionary.cpp, line 217]
Event: 1.266 Thread 0x000001b4d2fac800 Exception <a 'java/lang/ClassNotFoundException': Tree> (0x0000000717129048) thrown at [C:\workspace\openjdk-build\workspace\build\src\hotspot\src\share\vm\classfile\systemDictionary.cpp, line 217]
Event: 1.266 Thread 0x000001b4d2fac800 Exception <a 'java/lang/ClassNotFoundException': javax/swing/JTreeCell> (0x00000007171293c8) thrown at [C:\workspace\openjdk-build\workspace\build\src\hotspot\src\share\vm\classfile\systemDictionary.cpp, line 217]
Event: 1.266 Thread 0x000001b4d2fac800 Exception <a 'java/lang/ClassNotFoundException': TreeCell> (0x0000000717129850) thrown at [C:\workspace\openjdk-build\workspace\build\src\hotspot\src\share\vm\classfile\systemDictionary.cpp, line 217]
Event: 1.267 Thread 0x000001b4d2fac800 Exception <a 'java/lang/ClassNotFoundException': RootPane> (0x000000071712a318) thrown at [C:\workspace\openjdk-build\workspace\build\src\hotspot\src\share\vm\classfile\systemDictionary.cpp, line 217]
Event: 1.342 Thread 0x000001b4fb09f800 Implicit null exception at 0x000001b4d4b6a616 to 0x000001b4d4b6a9ad
Event: 1.342 Thread 0x000001b4fb09f800 Implicit null exception at 0x000001b4d4b6dfd6 to 0x000001b4d4b6e369
Event: 7.820 Thread 0x000001b4fb09f800 Exception <a 'java/net/SocketException': Software caused connection abort: socket write error> (0x00000007183b4ca8) thrown at [C:\workspace\openjdk-build\workspace\build\src\hotspot\src\share\vm\prims\jni.cpp, line 736]

Events (10 events):
Event: 7.855 Thread 0x000001b4fb09f800 DEOPT PACKING pc=0x000001b4d4fc6cb2 sp=0x0000005105efba50
Event: 7.855 Thread 0x000001b4fb09f800 DEOPT UNPACKING pc=0x000001b4d49f71d8 sp=0x0000005105efb900 mode 0
Event: 7.855 Thread 0x000001b4fb09f800 DEOPT PACKING pc=0x000001b4d4fc6cb2 sp=0x0000005105efba50
Event: 7.855 Thread 0x000001b4fb09f800 DEOPT UNPACKING pc=0x000001b4d49f71d8 sp=0x0000005105efb900 mode 0
Event: 7.855 Thread 0x000001b4fb09f800 DEOPT PACKING pc=0x000001b4d4fc6cb2 sp=0x0000005105efba50
Event: 7.855 Thread 0x000001b4fb09f800 DEOPT UNPACKING pc=0x000001b4d49f71d8 sp=0x0000005105efb900 mode 0
Event: 7.856 Thread 0x000001b4fb09f800 DEOPT PACKING pc=0x000001b4d4fc6cb2 sp=0x0000005105efba50
Event: 7.856 Thread 0x000001b4fb09f800 DEOPT UNPACKING pc=0x000001b4d49f71d8 sp=0x0000005105efb900 mode 0
Event: 8.089 loading class org/netbeans/lib/profiler/wireprotocol/GetMethodNamesForJMethodIdsCommand
Event: 8.089 loading class org/netbeans/lib/profiler/wireprotocol/GetMethodNamesForJMethodIdsCommand done


Dynamic libraries:
0x00007ff7caf50000 - 0x00007ff7cafa1000 	C:\Program Files\Eclipse Adoptium\jdk-8.0.392.8-hotspot\bin\java.exe
0x00007fffa3770000 - 0x00007fffa3987000 	C:\WINDOWS\SYSTEM32\ntdll.dll
0x00007fffa2660000 - 0x00007fffa2724000 	C:\WINDOWS\System32\KERNEL32.DLL
0x00007fffa1110000 - 0x00007fffa14b5000 	C:\WINDOWS\System32\KERNELBASE.dll
0x00007fff9df80000 - 0x00007fff9e017000 	C:\WINDOWS\SYSTEM32\apphelp.dll
0x00007fffa2e00000 - 0x00007fffa2eb1000 	C:\WINDOWS\System32\ADVAPI32.dll
0x00007fffa32c0000 - 0x00007fffa3367000 	C:\WINDOWS\System32\msvcrt.dll
0x00007fffa3680000 - 0x00007fffa3726000 	C:\WINDOWS\System32\sechost.dll
0x00007fffa2a40000 - 0x00007fffa2b57000 	C:\WINDOWS\System32\RPCRT4.dll
0x00007fffa2730000 - 0x00007fffa28de000 	C:\WINDOWS\System32\USER32.dll
0x00007fffa0ae0000 - 0x00007fffa0b06000 	C:\WINDOWS\System32\win32u.dll
0x00007fffa19c0000 - 0x00007fffa19e9000 	C:\WINDOWS\System32\GDI32.dll
0x00007fffa0e50000 - 0x00007fffa0f69000 	C:\WINDOWS\System32\gdi32full.dll
0x00007fffa0b10000 - 0x00007fffa0baa000 	C:\WINDOWS\System32\msvcp_win.dll
0x00007fffa0ff0000 - 0x00007fffa1101000 	C:\WINDOWS\System32\ucrtbase.dll
0x00007fff86d10000 - 0x00007fff86fa3000 	C:\WINDOWS\WinSxS\amd64_microsoft.windows.common-controls_6595b64144ccf1df_6.0.22621.2506_none_270c5ae97388e100\COMCTL32.dll
0x00007fffa2cc0000 - 0x00007fffa2cf1000 	C:\WINDOWS\System32\IMM32.DLL
0x00007fff9be40000 - 0x00007fff9be55000 	C:\Program Files\Eclipse Adoptium\jdk-8.0.392.8-hotspot\jre\bin\vcruntime140.dll
0x00007fff8ae20000 - 0x00007fff8aebb000 	C:\Program Files\Eclipse Adoptium\jdk-8.0.392.8-hotspot\jre\bin\msvcp140.dll
0x0000000051960000 - 0x00000000521b9000 	C:\Program Files\Eclipse Adoptium\jdk-8.0.392.8-hotspot\jre\bin\server\jvm.dll
0x00007fffa2cb0000 - 0x00007fffa2cb8000 	C:\WINDOWS\System32\PSAPI.DLL
0x00007fff97eb0000 - 0x00007fff97ee4000 	C:\WINDOWS\SYSTEM32\WINMM.dll
0x00007fff82c10000 - 0x00007fff82c19000 	C:\WINDOWS\SYSTEM32\WSOCK32.dll
0x00007fff97ef0000 - 0x00007fff97efa000 	C:\WINDOWS\SYSTEM32\VERSION.dll
0x00007fffa1aa0000 - 0x00007fffa1b11000 	C:\WINDOWS\System32\WS2_32.dll
0x00007fff9fb70000 - 0x00007fff9fb88000 	C:\WINDOWS\SYSTEM32\kernel.appcore.dll
0x00007fff9be20000 - 0x00007fff9be30000 	C:\Program Files\Eclipse Adoptium\jdk-8.0.392.8-hotspot\jre\bin\verify.dll
0x00007fff93da0000 - 0x00007fff93dcb000 	C:\Program Files\Eclipse Adoptium\jdk-8.0.392.8-hotspot\jre\bin\java.dll
0x00007fff9bb60000 - 0x00007fff9bb6f000 	C:\Program Files\NetBeans 8.2\profiler\lib\deployed\jdk16\windows-amd64\profilerinterface.dll
0x00007fff8f7e0000 - 0x00007fff8f7f8000 	C:\Program Files\Eclipse Adoptium\jdk-8.0.392.8-hotspot\jre\bin\zip.dll
0x00007fffa1d00000 - 0x00007fffa2559000 	C:\WINDOWS\System32\SHELL32.dll
0x00007fff9ea00000 - 0x00007fff9f2f4000 	C:\WINDOWS\SYSTEM32\windows.storage.dll
0x00007fffa2ec0000 - 0x00007fffa3249000 	C:\WINDOWS\System32\combase.dll
0x00007fff9e8c0000 - 0x00007fff9e9fe000 	C:\WINDOWS\SYSTEM32\wintypes.dll
0x00007fffa2560000 - 0x00007fffa2653000 	C:\WINDOWS\System32\SHCORE.dll
0x00007fffa3370000 - 0x00007fffa33ce000 	C:\WINDOWS\System32\shlwapi.dll
0x00007fffa0a10000 - 0x00007fffa0a36000 	C:\WINDOWS\SYSTEM32\profapi.dll
0x00007fff8f7a0000 - 0x00007fff8f7bc000 	C:\Program Files\Eclipse Adoptium\jdk-8.0.392.8-hotspot\jre\bin\net.dll
0x00007fffa0050000 - 0x00007fffa00b9000 	C:\WINDOWS\system32\mswsock.dll
0x00007fff9be10000 - 0x00007fff9be1d000 	C:\Program Files\Eclipse Adoptium\jdk-8.0.392.8-hotspot\jre\bin\management.dll
0x00007fff8f4a0000 - 0x00007fff8f4b3000 	C:\Program Files\Eclipse Adoptium\jdk-8.0.392.8-hotspot\jre\bin\nio.dll
0x00007fffa02a0000 - 0x00007fffa02bb000 	C:\WINDOWS\SYSTEM32\CRYPTSP.dll
0x00007fff9fb30000 - 0x00007fff9fb65000 	C:\WINDOWS\system32\rsaenh.dll
0x00007fffa0140000 - 0x00007fffa016c000 	C:\WINDOWS\SYSTEM32\USERENV.dll
0x00007fffa0490000 - 0x00007fffa04b8000 	C:\WINDOWS\SYSTEM32\bcrypt.dll
0x00007fffa0f70000 - 0x00007fffa0fea000 	C:\WINDOWS\System32\bcryptprimitives.dll
0x00007fffa02c0000 - 0x00007fffa02cc000 	C:\WINDOWS\SYSTEM32\CRYPTBASE.dll
0x00007fff9f5d0000 - 0x00007fff9f5fd000 	C:\WINDOWS\SYSTEM32\IPHLPAPI.DLL
0x00007fffa1510000 - 0x00007fffa1519000 	C:\WINDOWS\System32\NSI.dll
0x00007fff990a0000 - 0x00007fff990b9000 	C:\WINDOWS\SYSTEM32\dhcpcsvc6.DLL
0x00007fff98f80000 - 0x00007fff98f9f000 	C:\WINDOWS\SYSTEM32\dhcpcsvc.DLL
0x00007fff9f640000 - 0x00007fff9f739000 	C:\WINDOWS\SYSTEM32\DNSAPI.dll
0x00007fff800f0000 - 0x00007fff80284000 	C:\Program Files\Eclipse Adoptium\jdk-8.0.392.8-hotspot\jre\bin\awt.dll
0x00007fffa2960000 - 0x00007fffa2a37000 	C:\WINDOWS\System32\OLEAUT32.dll
0x00007fff9e040000 - 0x00007fff9e0eb000 	C:\WINDOWS\system32\uxtheme.dll
0x00007fffa2b60000 - 0x00007fffa2caf000 	C:\WINDOWS\System32\MSCTF.dll
0x00007fffa34d0000 - 0x00007fffa3670000 	C:\WINDOWS\System32\ole32.dll
0x00007fff9e280000 - 0x00007fff9e2ab000 	C:\WINDOWS\system32\DWMAPI.DLL
0x00007fff7fa90000 - 0x00007fff7fbdd000 	C:\Program Files\Eclipse Adoptium\jdk-8.0.392.8-hotspot\jre\bin\freetype.dll
0x00007fff7f3b0000 - 0x00007fff7f481000 	C:\Program Files\Eclipse Adoptium\jdk-8.0.392.8-hotspot\jre\bin\fontmanager.dll
0x00007fff6c700000 - 0x00007fff6c800000 	C:\WINDOWS\system32\opengl32.dll
0x00007fff6c250000 - 0x00007fff6c27d000 	C:\WINDOWS\SYSTEM32\GLU32.dll
0x00007fff9e120000 - 0x00007fff9e156000 	C:\WINDOWS\SYSTEM32\dxcore.dll
0x00007fff6dfe0000 - 0x00007fff6e189000 	C:\WINDOWS\system32\d3d9.dll
0x00007fff97f00000 - 0x00007fff980bb000 	C:\WINDOWS\System32\DriverStore\FileRepository\u0397406.inf_amd64_327265d4e3c6acee\B397164\aticfx64.dll
0x00007fff548b0000 - 0x00007fff578b8000 	C:\WINDOWS\System32\DriverStore\FileRepository\u0397406.inf_amd64_327265d4e3c6acee\B397164\amdxn64.dll
0x00007fffa1540000 - 0x00007fffa19b4000 	C:\WINDOWS\System32\SETUPAPI.dll
0x00007fff9e160000 - 0x00007fff9e258000 	C:\WINDOWS\SYSTEM32\dxgi.dll
0x00007fff93050000 - 0x00007fff93085000 	C:\WINDOWS\SYSTEM32\amdihk64.dll
0x00007fff9bd20000 - 0x00007fff9bd6a000 	C:\WINDOWS\SYSTEM32\directxdatabasehelper.dll
0x00007fff934f0000 - 0x00007fff934fa000 	C:\Windows\System32\rasadhlp.dll
0x00007fff97e20000 - 0x00007fff97ea3000 	C:\WINDOWS\System32\fwpuclnt.dll
0x00007fff8f550000 - 0x00007fff8f574000 	C:\Program Files\Eclipse Adoptium\jdk-8.0.392.8-hotspot\jre\bin\sunec.dll
0x00007fff9bdb0000 - 0x00007fff9bdbd000 	C:\Program Files\Eclipse Adoptium\jdk-8.0.392.8-hotspot\jre\bin\sunmscapi.dll
0x00007fffa0ce0000 - 0x00007fffa0e46000 	C:\WINDOWS\System32\CRYPT32.dll
0x00007fffa0460000 - 0x00007fffa048d000 	C:\WINDOWS\SYSTEM32\ncrypt.dll
0x00007fffa0420000 - 0x00007fffa0457000 	C:\WINDOWS\SYSTEM32\NTASN1.dll
0x00007fffa19f0000 - 0x00007fffa1aa0000 	C:\WINDOWS\System32\clbcatq.dll
0x00007fff9c4b0000 - 0x00007fff9c660000 	C:\WINDOWS\SYSTEM32\WindowsCodecs.dll
0x00007fff79ee0000 - 0x00007fff79f3e000 	C:\WINDOWS\system32\dataexchange.dll
0x00007fff99eb0000 - 0x00007fff9a135000 	C:\WINDOWS\system32\twinapi.appcore.dll
0x00007fff8f650000 - 0x00007fff8f79a000 	C:\WINDOWS\SYSTEM32\textinputframework.dll
0x00007fff9dca0000 - 0x00007fff9ddd3000 	C:\WINDOWS\SYSTEM32\CoreMessaging.dll
0x00007fff9b530000 - 0x00007fff9b89c000 	C:\WINDOWS\SYSTEM32\CoreUIComponents.dll
0x00007fff98210000 - 0x00007fff98443000 	C:\WINDOWS\SYSTEM32\dbghelp.dll

VM Arguments:
jvm_args: -Dfile.encoding=UTF-8 -agentpath:C:/Program Files/NetBeans 8.2/profiler/lib/deployed/jdk16/windows-amd64/profilerinterface.dll=C:\Program Files\NetBeans 8.2\profiler\lib,5140,10 -XX:+HeapDumpOnOutOfMemoryError -XX:HeapDumpPath=C:\Users\josej\Documents\NetBeansProjects\Projeto Integrador teste\nbproject\private\profiler 
java_command: br.com.empresa.telas.TelaLogin
java_class_path (initial): C:\Users\josej\Downloads\mysql-connector-j-8.2.0.jar;C:\Users\josej\Documents\NetBeansProjects\Projeto Integrador teste\build\classes
Launcher Type: SUN_STANDARD

Environment Variables:
JAVA_HOME=C:\Program Files\Eclipse Adoptium\jdk-8.0.392.8-hotspot\
PATH=C:\Program Files\Eclipse Adoptium\jdk-8.0.392.8-hotspot\bin;C:\Program Files (x86)\VMware\VMware Player\bin\;C:\Program Files (x86)\Common Files\Oracle\Java\javapath;C:\WINDOWS\system32;C:\WINDOWS;C:\WINDOWS\System32\Wbem;C:\WINDOWS\System32\WindowsPowerShell\v1.0\;C:\WINDOWS\System32\OpenSSH\;C:\Program Files\dotnet\;C:\Program Files\Microsoft SQL Server\150\Tools\Binn\;C:\Program Files\Microsoft SQL Server\Client SDK\ODBC\170\Tools\Binn\;C:\Program Files\Git\cmd;C:\Program Files\MySQL\MySQL Shell 8.0\bin\;C:\Users\josej\AppData\Local\Microsoft\WindowsApps;C:\Users\josej\AppData\Local\Programs\Microsoft VS Code\bin;C:\Users\josej\.dotnet\tools;C:\Users\josej\AppData\Local\GitHubDesktop\bin
USERNAME=josej
OS=Windows_NT
PROCESSOR_IDENTIFIER=AMD64 Family 23 Model 113 Stepping 0, AuthenticAMD



---------------  S Y S T E M  ---------------

OS: Windows 11 , 64 bit Build 22621 (10.0.22621.2506)

CPU:total 6 (initial active 6) (6 cores per cpu, 1 threads per core) family 23 model 113 stepping 0, cmov, cx8, fxsr, mmx, sse, sse2, sse3, ssse3, sse4.1, sse4.2, popcnt, avx, avx2, aes, clmul, mmxext, 3dnowpref, lzcnt, sse4a, tsc, tscinvbit, tscinv, bmi1

Memory: 4k page, physical 33481800k(22688012k free), swap 38462536k(22115576k free)

vm_info: OpenJDK 64-Bit Server VM (25.392-b08) for windows-amd64 JRE (1.8.0_392-b08), built on Oct 18 2023 01:02:03 by "jenkins" with MS VC++ 15.9 (VS2017)

time: Sat Nov 18 15:39:38 2023
timezone: Hora oficial do Brasil
elapsed time: 8.102500 seconds (0d 0h 0m 8s)

